<?xml version="1.0" encoding="UTF-8"?>
<!-- Generated by org.testng.reporters.JUnitReportReporter -->
<testsuite hostname="Deepika" failures="0" tests="2" name="com.qafox.testscript.HomePageTest" time="10.514" errors="0" timestamp="27 Jun 2023 04:13:32 GMT" skipped="0">
  <testcase classname="com.qafox.testscript.HomePageTest" name="verifyHomePageLinks" time="5.872"/>
  <testcase classname="com.qafox.testscript.HomePageTest" name="verifyHomePageTitle" time="4.642"/>
</testsuite> <!-- com.qafox.testscript.HomePageTest -->
